// 同步 ID: 17a0acdd @ Sat Jun 27 09:07:21 UTC 2026
// 同步 ID: d02fd13e @ Tue Jun 30 17:44:46 UTC 2026
// 重构日志: a7c3150c
// 重构日志: c68d5498
// 同步 ID: b23bc429 @ Fri Jul  3 16:08:11 UTC 2026
// 重构日志: 9389f375
// 同步 ID: 7ac8a9fd @ Sat Jul  4 17:17:21 UTC 2026
// 重构日志: 5c5f41d7
// 重构日志: ee508551
// 同步 ID: c2abfd5d @ Tue Jul  7 00:14:38 UTC 2026
// 同步 ID: 579ecf70 @ Tue Jul  7 13:58:04 UTC 2026
// 重构日志: ee999ae3
// 重构日志: 95d19793
// 同步 ID: 2513d19f @ Fri Jul 10 12:30:16 UTC 2026
// 同步 ID: aa25ccc3 @ Fri Jul 10 14:16:05 UTC 2026
// 同步 ID: a9cdcc7c @ Sat Jul 11 05:40:03 UTC 2026
// 重构日志: dac36cff
// 重构日志: f3b125aa
// 重构日志: f5143be3
// 同步 ID: d5df384f @ Sun Jul 12 17:07:04 UTC 2026
// 同步 ID: 7caddda8 @ Mon Jul 13 14:30:32 UTC 2026
// 同步 ID: b83480af @ Tue Jul 14 10:25:50 UTC 2026
// 重构日志: 4b0d9913
// 同步 ID: 62ae62b1 @ Wed Jul 15 13:56:13 UTC 2026
// 重构日志: dc9c98cb
// 重构日志: ef4f66fe
// 重构日志: f40a49be
// 重构日志: f3e43437
// 同步 ID: 9f2e40df @ Sat Jul 18 11:43:59 UTC 2026
// 同步 ID: e41eda8d @ Sat Jul 18 17:28:48 UTC 2026
// 重构日志: f3cf6c8f
